0 info it worked if it ends with ok
1 verbose cli [ '/Users/hywilliam/.nvm/versions/node/v5.0.0/bin/node',
1 verbose cli   '/Users/hywilliam/.nvm/versions/node/v5.0.0/bin/npm',
1 verbose cli   'search',
1 verbose cli   'babel-cli',
1 verbose cli   '-g' ]
2 info using npm@3.3.6
3 info using node@v5.0.0
4 silly mapToRegistry name -/all
5 silly mapToRegistry using default registry
6 silly mapToRegistry registry http://npm.dev.sh.ctripcorp.com:8001/
7 silly mapToRegistry uri http://npm.dev.sh.ctripcorp.com:8001/-/all
8 info updateIndex /Users/hywilliam/.npm/npm.dev.sh.ctripcorp.com_8001/-/all/.cache.json
9 warn Building the local index for the first time, please be patient
10 silly update-index fetching http://npm.dev.sh.ctripcorp.com:8001/-/all
11 verbose request uri http://npm.dev.sh.ctripcorp.com:8001/-/all
12 verbose request no auth needed
13 info attempt registry request try #1 at 3:52:29 PM
14 verbose request id 2290575c0eade8c8
15 http request GET http://npm.dev.sh.ctripcorp.com:8001/-/all
16 http 200 http://npm.dev.sh.ctripcorp.com:8001/-/all
17 verbose headers { 'content-type': 'application/json; charset=utf-8',
17 verbose headers   etag: '"1c6659-4+qKKiTsRWiJaqs60HsRfg"',
17 verbose headers   'x-readtime': '961',
17 verbose headers   'content-length': '1861209',
17 verbose headers   date: 'Wed, 25 Nov 2015 07:52:30 GMT',
17 verbose headers   connection: 'keep-alive' }
18 verbose stack Error: true : -/all
18 verbose stack     at makeError (/Users/hywilliam/.nvm/versions/node/v5.0.0/lib/node_modules/npm/node_modules/npm-registry-client/lib/request.js:264:12)
18 verbose stack     at CachingRegistryClient.<anonymous> (/Users/hywilliam/.nvm/versions/node/v5.0.0/lib/node_modules/npm/node_modules/npm-registry-client/lib/request.js:252:14)
18 verbose stack     at Request._callback (/Users/hywilliam/.nvm/versions/node/v5.0.0/lib/node_modules/npm/node_modules/npm-registry-client/lib/request.js:172:14)
18 verbose stack     at Request.self.callback (/Users/hywilliam/.nvm/versions/node/v5.0.0/lib/node_modules/npm/node_modules/request/request.js:198:22)
18 verbose stack     at emitTwo (events.js:87:13)
18 verbose stack     at Request.emit (events.js:172:7)
18 verbose stack     at Request.<anonymous> (/Users/hywilliam/.nvm/versions/node/v5.0.0/lib/node_modules/npm/node_modules/request/request.js:1063:14)
18 verbose stack     at emitOne (events.js:82:20)
18 verbose stack     at Request.emit (events.js:169:7)
18 verbose stack     at IncomingMessage.<anonymous> (/Users/hywilliam/.nvm/versions/node/v5.0.0/lib/node_modules/npm/node_modules/request/request.js:1009:12)
19 verbose statusCode 200
20 verbose cwd /Users/hywilliam/LearnStation/lab/ES2015-playground/new-features
21 error Darwin 15.0.0
22 error argv "/Users/hywilliam/.nvm/versions/node/v5.0.0/bin/node" "/Users/hywilliam/.nvm/versions/node/v5.0.0/bin/npm" "search" "babel-cli" "-g"
23 error node v5.0.0
24 error npm  v3.3.6
25 error code E200
26 error true : -/all
27 error If you need help, you may report this error at:
27 error     <https://github.com/npm/npm/issues>
28 verbose exit [ 1, true ]
